--------------- Build Started: 09/10/2018 14:28:26 Project: Composite-HID, Configuration: ARM GCC 5.4-2016-q2-update Debug ---------------
cydsfit.exe -.appdatapath "C:\Users\mike\AppData\Local\Cypress Semiconductor\PSoC Creator\4.2" -.fdsnotice -.fdswarpdepfile=warp_dependencies.txt -.fdselabdepfile=elab_dependencies.txt -.fdsbldfile=generated_files.txt -.fdsreffile=referenced_files.txt -p D:\gits\Mine\PSOC-Console\PSOC-Creator\Composite-HID.cydsn\Composite-HID.cyprj -d CY8C5888LTI-LP097 -s D:\gits\Mine\PSOC-Console\PSOC-Creator\Composite-HID.cydsn\Generated_Source\PSoC5 -- -yv2 -q10 -ygs -o2 -v3 -.fftcfgtype=LE
Elaborating Design...
ADD: sdb.M0065: information: Analog terminal "vdac_ref" on ADC_SAR_SEQ_v2_10 is unconnected.
 * C:\Program Files (x86)\Cypress\PSoC Creator\4.2\PSoC Creator\psoc\content\CyComponentLibrary\CyComponentLibrary.cylib\ADC_SAR_SEQ_v2_10\PSoC5\ADC_SAR_SEQ_v2_10.cysch (Signal: vdac_ref)
 * C:\Program Files (x86)\Cypress\PSoC Creator\4.2\PSoC Creator\psoc\content\CyComponentLibrary\CyComponentLibrary.cylib\ADC_SAR_SEQ_v2_10\PSoC5\ADC_SAR_SEQ_v2_10.cysch (Shape_798)
 * C:\Program Files (x86)\Cypress\PSoC Creator\4.2\PSoC Creator\psoc\content\CyComponentLibrary\CyComponentLibrary.cylib\ADC_SAR_SEQ_v2_10\PSoC5\ADC_SAR_SEQ_v2_10.cysch (Shape_885)
HDL Generation...
Synthesis...
Tech Mapping...
ADD: pft.M0040: information: The following 35 pin(s) will be assigned a location by the fitter: \USBCOMP:Dm(0)\, \USBCOMP:Dp(0)\, Analog_Dial(0), Analog_RX(0), Analog_RY(0), Analog_RZ(0), Analog_Slider(0), Analog_X(0), Analog_Y(0), Analog_Z(0), Button_1_8(0), Button_1_8(1), Button_1_8(2), Button_1_8(3), Button_1_8(4), Button_1_8(5), Button_1_8(6), Button_1_8(7), Button_9_16(0), Button_9_16(1), Button_9_16(2), Button_9_16(3), Button_9_16(4), Button_9_16(5), Button_9_16(6), Button_9_16(7), Out_2(0), Out_3(0), Out_4(0), Out_5(0), Out_6(0), Out_7(0), Out_8(0), PSx_ACK_1(0), PSx_SS_1(0)
Analog Placement...
Info: apr.M0002: Analog signal "Net_116" is connected to one terminal only. (App=cydsfit)
Info: apr.M0002: Analog signal "Net_117" is connected to one terminal only. (App=cydsfit)
Info: apr.M0002: Analog signal "Net_119" is connected to one terminal only. (App=cydsfit)
Info: apr.M0002: Analog signal "Net_121" is connected to one terminal only. (App=cydsfit)
Info: apr.M0002: Analog signal "Net_122" is connected to one terminal only. (App=cydsfit)
Info: apr.M0002: Analog signal "Net_124" is connected to one terminal only. (App=cydsfit)
Info: apr.M0002: Analog signal "Net_126" is connected to one terminal only. (App=cydsfit)
Info: apr.M0002: Analog signal "Net_127" is connected to one terminal only. (App=cydsfit)
Info: apr.M0002: Analog signal "Net_129" is connected to one terminal only. (App=cydsfit)
Info: apr.M0002: Analog signal "Net_131" is connected to one terminal only. (App=cydsfit)
Info: apr.M0002: Analog signal "Net_132" is connected to one terminal only. (App=cydsfit)
Info: apr.M0002: Analog signal "Net_134" is connected to one terminal only. (App=cydsfit)
Info: apr.M0002: Analog signal "Net_136" is connected to one terminal only. (App=cydsfit)
Info: apr.M0002: Analog signal "Net_137" is connected to one terminal only. (App=cydsfit)
Info: apr.M0002: Analog signal "Net_139" is connected to one terminal only. (App=cydsfit)
Info: apr.M0002: Analog signal "Net_141" is connected to one terminal only. (App=cydsfit)
Info: apr.M0002: Analog signal "Net_142" is connected to one terminal only. (App=cydsfit)
Info: apr.M0002: Analog signal "Net_144" is connected to one terminal only. (App=cydsfit)
Info: apr.M0002: Analog signal "Net_146" is connected to one terminal only. (App=cydsfit)
Info: apr.M0002: Analog signal "Net_147" is connected to one terminal only. (App=cydsfit)
Info: apr.M0002: Analog signal "Net_149" is connected to one terminal only. (App=cydsfit)
Info: apr.M0002: Analog signal "Net_151" is connected to one terminal only. (App=cydsfit)
Info: apr.M0002: Analog signal "Net_152" is connected to one terminal only. (App=cydsfit)
Info: apr.M0002: Analog signal "Net_154" is connected to one terminal only. (App=cydsfit)
Info: apr.M0002: Analog signal "Net_156" is connected to one terminal only. (App=cydsfit)
Info: apr.M0002: Analog signal "Net_157" is connected to one terminal only. (App=cydsfit)
Info: apr.M0002: Analog signal "Net_159" is connected to one terminal only. (App=cydsfit)
Info: apr.M0002: Analog signal "Net_161" is connected to one terminal only. (App=cydsfit)
Info: apr.M0002: Analog signal "Net_162" is connected to one terminal only. (App=cydsfit)
Info: apr.M0002: Analog signal "Net_164" is connected to one terminal only. (App=cydsfit)
Info: apr.M0002: Analog signal "Net_166" is connected to one terminal only. (App=cydsfit)
Info: apr.M0002: Analog signal "Net_167" is connected to one terminal only. (App=cydsfit)
Info: apr.M0002: Analog signal "Net_169" is connected to one terminal only. (App=cydsfit)
Info: apr.M0002: Analog signal "Net_171" is connected to one terminal only. (App=cydsfit)
Info: apr.M0002: Analog signal "Net_172" is connected to one terminal only. (App=cydsfit)
Info: apr.M0002: Analog signal "Net_174" is connected to one terminal only. (App=cydsfit)
Info: apr.M0002: Analog signal "Net_176" is connected to one terminal only. (App=cydsfit)
Info: apr.M0002: Analog signal "Net_177" is connected to one terminal only. (App=cydsfit)
Info: apr.M0002: Analog signal "Net_179" is connected to one terminal only. (App=cydsfit)
Info: apr.M0002: Analog signal "Net_181" is connected to one terminal only. (App=cydsfit)
Info: apr.M0002: Analog signal "Net_182" is connected to one terminal only. (App=cydsfit)
Info: apr.M0002: Analog signal "Net_183" is connected to one terminal only. (App=cydsfit)
Info: apr.M0002: Analog signal "Net_184" is connected to one terminal only. (App=cydsfit)
Info: apr.M0002: Analog signal "Net_185" is connected to one terminal only. (App=cydsfit)
Info: apr.M0002: Analog signal "Net_186" is connected to one terminal only. (App=cydsfit)
Info: apr.M0002: Analog signal "Net_187" is connected to one terminal only. (App=cydsfit)
Info: apr.M0002: Analog signal "Net_188" is connected to one terminal only. (App=cydsfit)
Info: apr.M0002: Analog signal "Net_189" is connected to one terminal only. (App=cydsfit)
Info: apr.M0002: Analog signal "Net_190" is connected to one terminal only. (App=cydsfit)
Info: apr.M0002: Analog signal "Net_191" is connected to one terminal only. (App=cydsfit)
Info: apr.M0002: Analog signal "Net_192" is connected to one terminal only. (App=cydsfit)
Info: apr.M0002: Analog signal "Net_193" is connected to one terminal only. (App=cydsfit)
Info: apr.M0002: Analog signal "Net_194" is connected to one terminal only. (App=cydsfit)
Info: apr.M0002: Analog signal "Net_195" is connected to one terminal only. (App=cydsfit)
Info: apr.M0002: Analog signal "Net_196" is connected to one terminal only. (App=cydsfit)
Info: apr.M0002: Analog signal "Net_197" is connected to one terminal only. (App=cydsfit)
Log: apr.M0058: The analog placement iterative improvement is 54% done. (App=cydsfit)
Log: apr.M0058: The analog placement iterative improvement is 71% done. (App=cydsfit)
Analog Routing...
Analog Code Generation...
Digital Placement...
Digital Routing...
Bitstream Generation...
Bitstream Verification...
Static timing analysis...
API Generation...
Dependency Generation...
Cleanup...
--------------- Build Succeeded: 09/10/2018 14:29:02 ---------------
