--------------- Rebuild Started: 09/15/2018 17:36:15 Project: PSxSniffer, Configuration: ARM GCC 5.4-2016-q2-update Release ---------------
Deleting file ".\CortexM3\ARM_GCC_541\Release\main.o"
Deleting file ".\CortexM3\ARM_GCC_541\Release\usb_comm.o"
Deleting file ".\CortexM3\ARM_GCC_541\Release\cyfitter_cfg.o"
Deleting file ".\CortexM3\ARM_GCC_541\Release\cymetadata.o"
Deleting file ".\CortexM3\ARM_GCC_541\Release\cy_em_eeprom.o"
Deleting file ".\CortexM3\ARM_GCC_541\Release\Cm3Start.o"
Deleting file ".\CortexM3\ARM_GCC_541\Release\CyBootAsmGnu.o"
Deleting file ".\CortexM3\ARM_GCC_541\Release\CyDmac.o"
Deleting file ".\CortexM3\ARM_GCC_541\Release\CyFlash.o"
Deleting file ".\CortexM3\ARM_GCC_541\Release\CyLib.o"
Deleting file ".\CortexM3\ARM_GCC_541\Release\cyPm.o"
Deleting file ".\CortexM3\ARM_GCC_541\Release\CySpc.o"
Deleting file ".\CortexM3\ARM_GCC_541\Release\cyutils.o"
Deleting file ".\CortexM3\ARM_GCC_541\Release\CyFreq_1KHz.o"
Deleting file ".\CortexM3\ARM_GCC_541\Release\USBUART.o"
Deleting file ".\CortexM3\ARM_GCC_541\Release\USBUART_audio.o"
Deleting file ".\CortexM3\ARM_GCC_541\Release\USBUART_boot.o"
Deleting file ".\CortexM3\ARM_GCC_541\Release\USBUART_cdc.o"
Deleting file ".\CortexM3\ARM_GCC_541\Release\USBUART_cls.o"
Deleting file ".\CortexM3\ARM_GCC_541\Release\USBUART_descr.o"
Deleting file ".\CortexM3\ARM_GCC_541\Release\USBUART_drv.o"
Deleting file ".\CortexM3\ARM_GCC_541\Release\USBUART_episr.o"
Deleting file ".\CortexM3\ARM_GCC_541\Release\USBUART_hid.o"
Deleting file ".\CortexM3\ARM_GCC_541\Release\USBUART_pm.o"
Deleting file ".\CortexM3\ARM_GCC_541\Release\USBUART_std.o"
Deleting file ".\CortexM3\ARM_GCC_541\Release\USBUART_vnd.o"
Deleting file ".\CortexM3\ARM_GCC_541\Release\USBUART_midi.o"
Deleting file ".\CortexM3\ARM_GCC_541\Release\USBUART_msc.o"
Deleting file ".\CortexM3\ARM_GCC_541\Release\SPIS_MOSI.o"
Deleting file ".\CortexM3\ARM_GCC_541\Release\SPIS_MOSI_PM.o"
Deleting file ".\CortexM3\ARM_GCC_541\Release\SPIS_MOSI_INT.o"
Deleting file ".\CortexM3\ARM_GCC_541\Release\SPIS_MOSI_BOOT.o"
Deleting file ".\CortexM3\ARM_GCC_541\Release\SPIS_MISO.o"
Deleting file ".\CortexM3\ARM_GCC_541\Release\SPIS_MISO_PM.o"
Deleting file ".\CortexM3\ARM_GCC_541\Release\SPIS_MISO_INT.o"
Deleting file ".\CortexM3\ARM_GCC_541\Release\SPIS_MISO_BOOT.o"
Deleting file ".\CortexM3\ARM_GCC_541\Release\PSx_MOSI.o"
Deleting file ".\CortexM3\ARM_GCC_541\Release\PSx_MISO.o"
Deleting file ".\CortexM3\ARM_GCC_541\Release\PSx_SS.o"
Deleting file ".\CortexM3\ARM_GCC_541\Release\PSx_CLK.o"
Deleting file ".\CortexM3\ARM_GCC_541\Release\USBUART_Dm.o"
Deleting file ".\CortexM3\ARM_GCC_541\Release\USBUART_Dp.o"
Deleting file ".\CortexM3\ARM_GCC_541\Release\Status_Reg.o"
Deleting file ".\CortexM3\ARM_GCC_541\Release\Timebase.o"
Deleting file ".\CortexM3\ARM_GCC_541\Release\Timebase_PM.o"
Deleting file ".\CortexM3\ARM_GCC_541\Release\LED.o"
Deleting file ".\CortexM3\ARM_GCC_541\Release\PSx_ACK.o"
Deleting file ".\CortexM3\ARM_GCC_541\Release\PSx_ACK_Count.o"
Deleting file ".\CortexM3\ARM_GCC_541\Release\PSx_ACK_Count_PM.o"
Deleting file ".\CortexM3\ARM_GCC_541\Release\PSxSniffer.hex"
Deleting file ".\CortexM3\ARM_GCC_541\Release\PSxSniffer.elf"
Deleting file ".\CortexM3\ARM_GCC_541\Release\PSxSniffer.map"
Deleting file ".\PSxSniffer.cycdx"
Deleting file ".\PSxSniffer.svd"
Deleting file ".\PSxSniffer.rpt"
Deleting file ".\PSxSniffer_timing.html"
Deleting file ".\CortexM3\ARM_GCC_541\Release\.deps\SOURCE_C__ARM_GCC_GENERIC.P"
Deleting file ".\CortexM3\ARM_GCC_541\Release\.deps\SOURCE_ASM__ARM_GCC_GENERIC.P"
cydsfit.exe -.appdatapath "C:\Users\mike\AppData\Local\Cypress Semiconductor\PSoC Creator\4.2" -.fdsnotice -.fdswarpdepfile=warp_dependencies.txt -.fdselabdepfile=elab_dependencies.txt -.fdsbldfile=generated_files.txt -.fdsreffile=referenced_files.txt -p D:\gits\Mine\PSOC-Console\PSOC-Creator\PSxSniffer.cydsn\PSxSniffer.cyprj -d CY8C5888LTI-LP097 -s D:\gits\Mine\PSOC-Console\PSOC-Creator\PSxSniffer.cydsn\Generated_Source\PSoC5 -- -yv2 -q10 -ygs -o2 -v3 -.fftcfgtype=LE
Elaborating Design...
HDL Generation...
Synthesis...
Tech Mapping...
ADD: pft.M0040: information: The following 2 pin(s) will be assigned a location by the fitter: \USBUART:Dm(0)\, \USBUART:Dp(0)\
Analog Placement...
Analog Routing...
Analog Code Generation...
Digital Placement...
Digital Routing...
Bitstream Generation...
Bitstream Verification...
Static timing analysis...
API Generation...
Dependency Generation...
Cleanup...
arm-none-eabi-gcc.exe -mcpu=cortex-m3 -mthumb -I.\Source\Include -I. -IGenerated_Source\PSoC5 -Wa,-alh=.\CortexM3\ARM_GCC_541\Release/main.lst -g -D NDEBUG -D CY_CORE_ID=0 -Wall -ffunction-sections -ffat-lto-objects -Os -c main.c -o .\CortexM3\ARM_GCC_541\Release\main.o
arm-none-eabi-gcc.exe -mcpu=cortex-m3 -mthumb -I.\Source\Include -I. -IGenerated_Source\PSoC5 -Wa,-alh=.\CortexM3\ARM_GCC_541\Release/usb_comm.lst -g -D NDEBUG -D CY_CORE_ID=0 -Wall -ffunction-sections -ffat-lto-objects -Os -c Source\usb_comm.c -o .\CortexM3\ARM_GCC_541\Release\usb_comm.o
arm-none-eabi-gcc.exe -mcpu=cortex-m3 -mthumb -I.\Source\Include -I. -IGenerated_Source\PSoC5 -Wa,-alh=.\CortexM3\ARM_GCC_541\Release/cyfitter_cfg.lst -g -D NDEBUG -D CY_CORE_ID=0 -Wall -ffunction-sections -ffat-lto-objects -Os -c Generated_Source\PSoC5\cyfitter_cfg.c -o .\CortexM3\ARM_GCC_541\Release\cyfitter_cfg.o
arm-none-eabi-gcc.exe -mcpu=cortex-m3 -mthumb -I.\Source\Include -I. -IGenerated_Source\PSoC5 -Wa,-alh=.\CortexM3\ARM_GCC_541\Release/cymetadata.lst -g -D NDEBUG -D CY_CORE_ID=0 -Wall -ffunction-sections -ffat-lto-objects -Os -c Generated_Source\PSoC5\cymetadata.c -o .\CortexM3\ARM_GCC_541\Release\cymetadata.o
arm-none-eabi-gcc.exe -mcpu=cortex-m3 -mthumb -I.\Source\Include -I. -IGenerated_Source\PSoC5 -Wa,-alh=.\CortexM3\ARM_GCC_541\Release/cy_em_eeprom.lst -g -D NDEBUG -D CY_CORE_ID=0 -Wall -ffunction-sections -ffat-lto-objects -Os -c Generated_Source\PSoC5\cy_em_eeprom.c -o .\CortexM3\ARM_GCC_541\Release\cy_em_eeprom.o
arm-none-eabi-gcc.exe -mcpu=cortex-m3 -mthumb -I.\Source\Include -I. -IGenerated_Source\PSoC5 -Wa,-alh=.\CortexM3\ARM_GCC_541\Release/Cm3Start.lst -g -D NDEBUG -D CY_CORE_ID=0 -Wall -ffunction-sections -ffat-lto-objects -Os -c Generated_Source\PSoC5\Cm3Start.c -o .\CortexM3\ARM_GCC_541\Release\Cm3Start.o
arm-none-eabi-gcc.exe -mcpu=cortex-m3 -mthumb -I.\Source\Include -I. -IGenerated_Source\PSoC5 -Wa,-alh=.\CortexM3\ARM_GCC_541\Release/CyDmac.lst -g -D NDEBUG -D CY_CORE_ID=0 -Wall -ffunction-sections -ffat-lto-objects -Os -c Generated_Source\PSoC5\CyDmac.c -o .\CortexM3\ARM_GCC_541\Release\CyDmac.o
arm-none-eabi-gcc.exe -mcpu=cortex-m3 -mthumb -I.\Source\Include -I. -IGenerated_Source\PSoC5 -Wa,-alh=.\CortexM3\ARM_GCC_541\Release/CyFlash.lst -g -D NDEBUG -D CY_CORE_ID=0 -Wall -ffunction-sections -ffat-lto-objects -Os -c Generated_Source\PSoC5\CyFlash.c -o .\CortexM3\ARM_GCC_541\Release\CyFlash.o
arm-none-eabi-gcc.exe -mcpu=cortex-m3 -mthumb -I.\Source\Include -I. -IGenerated_Source\PSoC5 -Wa,-alh=.\CortexM3\ARM_GCC_541\Release/CyLib.lst -g -D NDEBUG -D CY_CORE_ID=0 -Wall -ffunction-sections -ffat-lto-objects -Os -c Generated_Source\PSoC5\CyLib.c -o .\CortexM3\ARM_GCC_541\Release\CyLib.o
arm-none-eabi-gcc.exe -mcpu=cortex-m3 -mthumb -I.\Source\Include -I. -IGenerated_Source\PSoC5 -Wa,-alh=.\CortexM3\ARM_GCC_541\Release/cyPm.lst -g -D NDEBUG -D CY_CORE_ID=0 -Wall -ffunction-sections -ffat-lto-objects -Os -c Generated_Source\PSoC5\cyPm.c -o .\CortexM3\ARM_GCC_541\Release\cyPm.o
arm-none-eabi-gcc.exe -mcpu=cortex-m3 -mthumb -I.\Source\Include -I. -IGenerated_Source\PSoC5 -Wa,-alh=.\CortexM3\ARM_GCC_541\Release/CySpc.lst -g -D NDEBUG -D CY_CORE_ID=0 -Wall -ffunction-sections -ffat-lto-objects -Os -c Generated_Source\PSoC5\CySpc.c -o .\CortexM3\ARM_GCC_541\Release\CySpc.o
arm-none-eabi-gcc.exe -mcpu=cortex-m3 -mthumb -I.\Source\Include -I. -IGenerated_Source\PSoC5 -Wa,-alh=.\CortexM3\ARM_GCC_541\Release/cyutils.lst -g -D NDEBUG -D CY_CORE_ID=0 -Wall -ffunction-sections -ffat-lto-objects -Os -c Generated_Source\PSoC5\cyutils.c -o .\CortexM3\ARM_GCC_541\Release\cyutils.o
arm-none-eabi-gcc.exe -mcpu=cortex-m3 -mthumb -I.\Source\Include -I. -IGenerated_Source\PSoC5 -Wa,-alh=.\CortexM3\ARM_GCC_541\Release/CyFreq_1KHz.lst -g -D NDEBUG -D CY_CORE_ID=0 -Wall -ffunction-sections -ffat-lto-objects -Os -c Generated_Source\PSoC5\CyFreq_1KHz.c -o .\CortexM3\ARM_GCC_541\Release\CyFreq_1KHz.o
arm-none-eabi-gcc.exe -mcpu=cortex-m3 -mthumb -I.\Source\Include -I. -IGenerated_Source\PSoC5 -Wa,-alh=.\CortexM3\ARM_GCC_541\Release/USBUART.lst -g -D NDEBUG -D CY_CORE_ID=0 -Wall -ffunction-sections -ffat-lto-objects -Os -c Generated_Source\PSoC5\USBUART.c -o .\CortexM3\ARM_GCC_541\Release\USBUART.o
arm-none-eabi-gcc.exe -mcpu=cortex-m3 -mthumb -I.\Source\Include -I. -IGenerated_Source\PSoC5 -Wa,-alh=.\CortexM3\ARM_GCC_541\Release/USBUART_audio.lst -g -D NDEBUG -D CY_CORE_ID=0 -Wall -ffunction-sections -ffat-lto-objects -Os -c Generated_Source\PSoC5\USBUART_audio.c -o .\CortexM3\ARM_GCC_541\Release\USBUART_audio.o
arm-none-eabi-gcc.exe -mcpu=cortex-m3 -mthumb -I.\Source\Include -I. -IGenerated_Source\PSoC5 -Wa,-alh=.\CortexM3\ARM_GCC_541\Release/USBUART_boot.lst -g -D NDEBUG -D CY_CORE_ID=0 -Wall -ffunction-sections -ffat-lto-objects -Os -c Generated_Source\PSoC5\USBUART_boot.c -o .\CortexM3\ARM_GCC_541\Release\USBUART_boot.o
arm-none-eabi-gcc.exe -mcpu=cortex-m3 -mthumb -I.\Source\Include -I. -IGenerated_Source\PSoC5 -Wa,-alh=.\CortexM3\ARM_GCC_541\Release/USBUART_cdc.lst -g -D NDEBUG -D CY_CORE_ID=0 -Wall -ffunction-sections -ffat-lto-objects -Os -c Generated_Source\PSoC5\USBUART_cdc.c -o .\CortexM3\ARM_GCC_541\Release\USBUART_cdc.o
arm-none-eabi-gcc.exe -mcpu=cortex-m3 -mthumb -I.\Source\Include -I. -IGenerated_Source\PSoC5 -Wa,-alh=.\CortexM3\ARM_GCC_541\Release/USBUART_cls.lst -g -D NDEBUG -D CY_CORE_ID=0 -Wall -ffunction-sections -ffat-lto-objects -Os -c Generated_Source\PSoC5\USBUART_cls.c -o .\CortexM3\ARM_GCC_541\Release\USBUART_cls.o
arm-none-eabi-gcc.exe -mcpu=cortex-m3 -mthumb -I.\Source\Include -I. -IGenerated_Source\PSoC5 -Wa,-alh=.\CortexM3\ARM_GCC_541\Release/USBUART_descr.lst -g -D NDEBUG -D CY_CORE_ID=0 -Wall -ffunction-sections -ffat-lto-objects -Os -c Generated_Source\PSoC5\USBUART_descr.c -o .\CortexM3\ARM_GCC_541\Release\USBUART_descr.o
arm-none-eabi-gcc.exe -mcpu=cortex-m3 -mthumb -I.\Source\Include -I. -IGenerated_Source\PSoC5 -Wa,-alh=.\CortexM3\ARM_GCC_541\Release/USBUART_drv.lst -g -D NDEBUG -D CY_CORE_ID=0 -Wall -ffunction-sections -ffat-lto-objects -Os -c Generated_Source\PSoC5\USBUART_drv.c -o .\CortexM3\ARM_GCC_541\Release\USBUART_drv.o
arm-none-eabi-gcc.exe -mcpu=cortex-m3 -mthumb -I.\Source\Include -I. -IGenerated_Source\PSoC5 -Wa,-alh=.\CortexM3\ARM_GCC_541\Release/USBUART_episr.lst -g -D NDEBUG -D CY_CORE_ID=0 -Wall -ffunction-sections -ffat-lto-objects -Os -c Generated_Source\PSoC5\USBUART_episr.c -o .\CortexM3\ARM_GCC_541\Release\USBUART_episr.o
arm-none-eabi-gcc.exe -mcpu=cortex-m3 -mthumb -I.\Source\Include -I. -IGenerated_Source\PSoC5 -Wa,-alh=.\CortexM3\ARM_GCC_541\Release/USBUART_hid.lst -g -D NDEBUG -D CY_CORE_ID=0 -Wall -ffunction-sections -ffat-lto-objects -Os -c Generated_Source\PSoC5\USBUART_hid.c -o .\CortexM3\ARM_GCC_541\Release\USBUART_hid.o
arm-none-eabi-gcc.exe -mcpu=cortex-m3 -mthumb -I.\Source\Include -I. -IGenerated_Source\PSoC5 -Wa,-alh=.\CortexM3\ARM_GCC_541\Release/USBUART_pm.lst -g -D NDEBUG -D CY_CORE_ID=0 -Wall -ffunction-sections -ffat-lto-objects -Os -c Generated_Source\PSoC5\USBUART_pm.c -o .\CortexM3\ARM_GCC_541\Release\USBUART_pm.o
arm-none-eabi-gcc.exe -mcpu=cortex-m3 -mthumb -I.\Source\Include -I. -IGenerated_Source\PSoC5 -Wa,-alh=.\CortexM3\ARM_GCC_541\Release/USBUART_std.lst -g -D NDEBUG -D CY_CORE_ID=0 -Wall -ffunction-sections -ffat-lto-objects -Os -c Generated_Source\PSoC5\USBUART_std.c -o .\CortexM3\ARM_GCC_541\Release\USBUART_std.o
arm-none-eabi-gcc.exe -mcpu=cortex-m3 -mthumb -I.\Source\Include -I. -IGenerated_Source\PSoC5 -Wa,-alh=.\CortexM3\ARM_GCC_541\Release/USBUART_vnd.lst -g -D NDEBUG -D CY_CORE_ID=0 -Wall -ffunction-sections -ffat-lto-objects -Os -c Generated_Source\PSoC5\USBUART_vnd.c -o .\CortexM3\ARM_GCC_541\Release\USBUART_vnd.o
arm-none-eabi-gcc.exe -mcpu=cortex-m3 -mthumb -I.\Source\Include -I. -IGenerated_Source\PSoC5 -Wa,-alh=.\CortexM3\ARM_GCC_541\Release/USBUART_midi.lst -g -D NDEBUG -D CY_CORE_ID=0 -Wall -ffunction-sections -ffat-lto-objects -Os -c Generated_Source\PSoC5\USBUART_midi.c -o .\CortexM3\ARM_GCC_541\Release\USBUART_midi.o
arm-none-eabi-gcc.exe -mcpu=cortex-m3 -mthumb -I.\Source\Include -I. -IGenerated_Source\PSoC5 -Wa,-alh=.\CortexM3\ARM_GCC_541\Release/USBUART_msc.lst -g -D NDEBUG -D CY_CORE_ID=0 -Wall -ffunction-sections -ffat-lto-objects -Os -c Generated_Source\PSoC5\USBUART_msc.c -o .\CortexM3\ARM_GCC_541\Release\USBUART_msc.o
arm-none-eabi-gcc.exe -mcpu=cortex-m3 -mthumb -I.\Source\Include -I. -IGenerated_Source\PSoC5 -Wa,-alh=.\CortexM3\ARM_GCC_541\Release/SPIS_MOSI.lst -g -D NDEBUG -D CY_CORE_ID=0 -Wall -ffunction-sections -ffat-lto-objects -Os -c Generated_Source\PSoC5\SPIS_MOSI.c -o .\CortexM3\ARM_GCC_541\Release\SPIS_MOSI.o
arm-none-eabi-gcc.exe -mcpu=cortex-m3 -mthumb -I.\Source\Include -I. -IGenerated_Source\PSoC5 -Wa,-alh=.\CortexM3\ARM_GCC_541\Release/SPIS_MOSI_PM.lst -g -D NDEBUG -D CY_CORE_ID=0 -Wall -ffunction-sections -ffat-lto-objects -Os -c Generated_Source\PSoC5\SPIS_MOSI_PM.c -o .\CortexM3\ARM_GCC_541\Release\SPIS_MOSI_PM.o
arm-none-eabi-gcc.exe -mcpu=cortex-m3 -mthumb -I.\Source\Include -I. -IGenerated_Source\PSoC5 -Wa,-alh=.\CortexM3\ARM_GCC_541\Release/SPIS_MOSI_INT.lst -g -D NDEBUG -D CY_CORE_ID=0 -Wall -ffunction-sections -ffat-lto-objects -Os -c Generated_Source\PSoC5\SPIS_MOSI_INT.c -o .\CortexM3\ARM_GCC_541\Release\SPIS_MOSI_INT.o
arm-none-eabi-gcc.exe -mcpu=cortex-m3 -mthumb -I.\Source\Include -I. -IGenerated_Source\PSoC5 -Wa,-alh=.\CortexM3\ARM_GCC_541\Release/SPIS_MOSI_BOOT.lst -g -D NDEBUG -D CY_CORE_ID=0 -Wall -ffunction-sections -ffat-lto-objects -Os -c Generated_Source\PSoC5\SPIS_MOSI_BOOT.c -o .\CortexM3\ARM_GCC_541\Release\SPIS_MOSI_BOOT.o
arm-none-eabi-gcc.exe -mcpu=cortex-m3 -mthumb -I.\Source\Include -I. -IGenerated_Source\PSoC5 -Wa,-alh=.\CortexM3\ARM_GCC_541\Release/SPIS_MISO.lst -g -D NDEBUG -D CY_CORE_ID=0 -Wall -ffunction-sections -ffat-lto-objects -Os -c Generated_Source\PSoC5\SPIS_MISO.c -o .\CortexM3\ARM_GCC_541\Release\SPIS_MISO.o
arm-none-eabi-gcc.exe -mcpu=cortex-m3 -mthumb -I.\Source\Include -I. -IGenerated_Source\PSoC5 -Wa,-alh=.\CortexM3\ARM_GCC_541\Release/SPIS_MISO_PM.lst -g -D NDEBUG -D CY_CORE_ID=0 -Wall -ffunction-sections -ffat-lto-objects -Os -c Generated_Source\PSoC5\SPIS_MISO_PM.c -o .\CortexM3\ARM_GCC_541\Release\SPIS_MISO_PM.o
arm-none-eabi-gcc.exe -mcpu=cortex-m3 -mthumb -I.\Source\Include -I. -IGenerated_Source\PSoC5 -Wa,-alh=.\CortexM3\ARM_GCC_541\Release/SPIS_MISO_INT.lst -g -D NDEBUG -D CY_CORE_ID=0 -Wall -ffunction-sections -ffat-lto-objects -Os -c Generated_Source\PSoC5\SPIS_MISO_INT.c -o .\CortexM3\ARM_GCC_541\Release\SPIS_MISO_INT.o
arm-none-eabi-gcc.exe -mcpu=cortex-m3 -mthumb -I.\Source\Include -I. -IGenerated_Source\PSoC5 -Wa,-alh=.\CortexM3\ARM_GCC_541\Release/SPIS_MISO_BOOT.lst -g -D NDEBUG -D CY_CORE_ID=0 -Wall -ffunction-sections -ffat-lto-objects -Os -c Generated_Source\PSoC5\SPIS_MISO_BOOT.c -o .\CortexM3\ARM_GCC_541\Release\SPIS_MISO_BOOT.o
arm-none-eabi-gcc.exe -mcpu=cortex-m3 -mthumb -I.\Source\Include -I. -IGenerated_Source\PSoC5 -Wa,-alh=.\CortexM3\ARM_GCC_541\Release/PSx_MOSI.lst -g -D NDEBUG -D CY_CORE_ID=0 -Wall -ffunction-sections -ffat-lto-objects -Os -c Generated_Source\PSoC5\PSx_MOSI.c -o .\CortexM3\ARM_GCC_541\Release\PSx_MOSI.o
arm-none-eabi-gcc.exe -mcpu=cortex-m3 -mthumb -I.\Source\Include -I. -IGenerated_Source\PSoC5 -Wa,-alh=.\CortexM3\ARM_GCC_541\Release/PSx_MISO.lst -g -D NDEBUG -D CY_CORE_ID=0 -Wall -ffunction-sections -ffat-lto-objects -Os -c Generated_Source\PSoC5\PSx_MISO.c -o .\CortexM3\ARM_GCC_541\Release\PSx_MISO.o
arm-none-eabi-gcc.exe -mcpu=cortex-m3 -mthumb -I.\Source\Include -I. -IGenerated_Source\PSoC5 -Wa,-alh=.\CortexM3\ARM_GCC_541\Release/PSx_SS.lst -g -D NDEBUG -D CY_CORE_ID=0 -Wall -ffunction-sections -ffat-lto-objects -Os -c Generated_Source\PSoC5\PSx_SS.c -o .\CortexM3\ARM_GCC_541\Release\PSx_SS.o
arm-none-eabi-gcc.exe -mcpu=cortex-m3 -mthumb -I.\Source\Include -I. -IGenerated_Source\PSoC5 -Wa,-alh=.\CortexM3\ARM_GCC_541\Release/PSx_CLK.lst -g -D NDEBUG -D CY_CORE_ID=0 -Wall -ffunction-sections -ffat-lto-objects -Os -c Generated_Source\PSoC5\PSx_CLK.c -o .\CortexM3\ARM_GCC_541\Release\PSx_CLK.o
arm-none-eabi-gcc.exe -mcpu=cortex-m3 -mthumb -I.\Source\Include -I. -IGenerated_Source\PSoC5 -Wa,-alh=.\CortexM3\ARM_GCC_541\Release/USBUART_Dm.lst -g -D NDEBUG -D CY_CORE_ID=0 -Wall -ffunction-sections -ffat-lto-objects -Os -c Generated_Source\PSoC5\USBUART_Dm.c -o .\CortexM3\ARM_GCC_541\Release\USBUART_Dm.o
arm-none-eabi-gcc.exe -mcpu=cortex-m3 -mthumb -I.\Source\Include -I. -IGenerated_Source\PSoC5 -Wa,-alh=.\CortexM3\ARM_GCC_541\Release/USBUART_Dp.lst -g -D NDEBUG -D CY_CORE_ID=0 -Wall -ffunction-sections -ffat-lto-objects -Os -c Generated_Source\PSoC5\USBUART_Dp.c -o .\CortexM3\ARM_GCC_541\Release\USBUART_Dp.o
arm-none-eabi-gcc.exe -mcpu=cortex-m3 -mthumb -I.\Source\Include -I. -IGenerated_Source\PSoC5 -Wa,-alh=.\CortexM3\ARM_GCC_541\Release/Status_Reg.lst -g -D NDEBUG -D CY_CORE_ID=0 -Wall -ffunction-sections -ffat-lto-objects -Os -c Generated_Source\PSoC5\Status_Reg.c -o .\CortexM3\ARM_GCC_541\Release\Status_Reg.o
arm-none-eabi-gcc.exe -mcpu=cortex-m3 -mthumb -I.\Source\Include -I. -IGenerated_Source\PSoC5 -Wa,-alh=.\CortexM3\ARM_GCC_541\Release/Timebase.lst -g -D NDEBUG -D CY_CORE_ID=0 -Wall -ffunction-sections -ffat-lto-objects -Os -c Generated_Source\PSoC5\Timebase.c -o .\CortexM3\ARM_GCC_541\Release\Timebase.o
arm-none-eabi-gcc.exe -mcpu=cortex-m3 -mthumb -I.\Source\Include -I. -IGenerated_Source\PSoC5 -Wa,-alh=.\CortexM3\ARM_GCC_541\Release/Timebase_PM.lst -g -D NDEBUG -D CY_CORE_ID=0 -Wall -ffunction-sections -ffat-lto-objects -Os -c Generated_Source\PSoC5\Timebase_PM.c -o .\CortexM3\ARM_GCC_541\Release\Timebase_PM.o
arm-none-eabi-gcc.exe -mcpu=cortex-m3 -mthumb -I.\Source\Include -I. -IGenerated_Source\PSoC5 -Wa,-alh=.\CortexM3\ARM_GCC_541\Release/LED.lst -g -D NDEBUG -D CY_CORE_ID=0 -Wall -ffunction-sections -ffat-lto-objects -Os -c Generated_Source\PSoC5\LED.c -o .\CortexM3\ARM_GCC_541\Release\LED.o
arm-none-eabi-gcc.exe -mcpu=cortex-m3 -mthumb -I.\Source\Include -I. -IGenerated_Source\PSoC5 -Wa,-alh=.\CortexM3\ARM_GCC_541\Release/PSx_ACK.lst -g -D NDEBUG -D CY_CORE_ID=0 -Wall -ffunction-sections -ffat-lto-objects -Os -c Generated_Source\PSoC5\PSx_ACK.c -o .\CortexM3\ARM_GCC_541\Release\PSx_ACK.o
arm-none-eabi-gcc.exe -mcpu=cortex-m3 -mthumb -I.\Source\Include -I. -IGenerated_Source\PSoC5 -Wa,-alh=.\CortexM3\ARM_GCC_541\Release/PSx_ACK_Count.lst -g -D NDEBUG -D CY_CORE_ID=0 -Wall -ffunction-sections -ffat-lto-objects -Os -c Generated_Source\PSoC5\PSx_ACK_Count.c -o .\CortexM3\ARM_GCC_541\Release\PSx_ACK_Count.o
arm-none-eabi-gcc.exe -mcpu=cortex-m3 -mthumb -I.\Source\Include -I. -IGenerated_Source\PSoC5 -Wa,-alh=.\CortexM3\ARM_GCC_541\Release/PSx_ACK_Count_PM.lst -g -D NDEBUG -D CY_CORE_ID=0 -Wall -ffunction-sections -ffat-lto-objects -Os -c Generated_Source\PSoC5\PSx_ACK_Count_PM.c -o .\CortexM3\ARM_GCC_541\Release\PSx_ACK_Count_PM.o
arm-none-eabi-as.exe -mcpu=cortex-m3 -mthumb -I. -IGenerated_Source\PSoC5 -alh=.\CortexM3\ARM_GCC_541\Release/CyBootAsmGnu.lst -g -W -o .\CortexM3\ARM_GCC_541\Release\CyBootAsmGnu.o Generated_Source\PSoC5\CyBootAsmGnu.s
arm-none-eabi-ar.exe -rs .\CortexM3\ARM_GCC_541\Release\PSxSniffer.a .\CortexM3\ARM_GCC_541\Release\cy_em_eeprom.o .\CortexM3\ARM_GCC_541\Release\CyDmac.o .\CortexM3\ARM_GCC_541\Release\CyFlash.o .\CortexM3\ARM_GCC_541\Release\CyLib.o .\CortexM3\ARM_GCC_541\Release\cyPm.o .\CortexM3\ARM_GCC_541\Release\CySpc.o .\CortexM3\ARM_GCC_541\Release\cyutils.o .\CortexM3\ARM_GCC_541\Release\CyFreq_1KHz.o .\CortexM3\ARM_GCC_541\Release\USBUART.o .\CortexM3\ARM_GCC_541\Release\USBUART_audio.o .\CortexM3\ARM_GCC_541\Release\USBUART_boot.o .\CortexM3\ARM_GCC_541\Release\USBUART_cdc.o .\CortexM3\ARM_GCC_541\Release\USBUART_cls.o .\CortexM3\ARM_GCC_541\Release\USBUART_descr.o .\CortexM3\ARM_GCC_541\Release\USBUART_drv.o .\CortexM3\ARM_GCC_541\Release\USBUART_episr.o .\CortexM3\ARM_GCC_541\Release\USBUART_hid.o .\CortexM3\ARM_GCC_541\Release\USBUART_pm.o .\CortexM3\ARM_GCC_541\Release\USBUART_std.o .\CortexM3\ARM_GCC_541\Release\USBUART_vnd.o .\CortexM3\ARM_GCC_541\Release\USBUART_midi.o .\CortexM3\ARM_GCC_541\Release\USBUART_msc.o .\CortexM3\ARM_GCC_541\Release\SPIS_MOSI.o .\CortexM3\ARM_GCC_541\Release\SPIS_MOSI_PM.o .\CortexM3\ARM_GCC_541\Release\SPIS_MOSI_INT.o .\CortexM3\ARM_GCC_541\Release\SPIS_MOSI_BOOT.o .\CortexM3\ARM_GCC_541\Release\SPIS_MISO.o .\CortexM3\ARM_GCC_541\Release\SPIS_MISO_PM.o .\CortexM3\ARM_GCC_541\Release\SPIS_MISO_INT.o .\CortexM3\ARM_GCC_541\Release\SPIS_MISO_BOOT.o .\CortexM3\ARM_GCC_541\Release\PSx_MOSI.o .\CortexM3\ARM_GCC_541\Release\PSx_MISO.o .\CortexM3\ARM_GCC_541\Release\PSx_SS.o .\CortexM3\ARM_GCC_541\Release\PSx_CLK.o .\CortexM3\ARM_GCC_541\Release\USBUART_Dm.o .\CortexM3\ARM_GCC_541\Release\USBUART_Dp.o .\CortexM3\ARM_GCC_541\Release\Status_Reg.o .\CortexM3\ARM_GCC_541\Release\Timebase.o .\CortexM3\ARM_GCC_541\Release\Timebase_PM.o .\CortexM3\ARM_GCC_541\Release\LED.o .\CortexM3\ARM_GCC_541\Release\PSx_ACK.o .\CortexM3\ARM_GCC_541\Release\PSx_ACK_Count.o .\CortexM3\ARM_GCC_541\Release\PSx_ACK_Count_PM.o .\CortexM3\ARM_GCC_541\Release\CyBootAsmGnu.o
arm-none-eabi-ar.exe: creating .\CortexM3\ARM_GCC_541\Release\PSxSniffer.a
arm-none-eabi-gcc.exe -Wl,--start-group -o D:\gits\Mine\PSOC-Console\PSOC-Creator\PSxSniffer.cydsn\CortexM3\ARM_GCC_541\Release\PSxSniffer.elf .\CortexM3\ARM_GCC_541\Release\main.o .\CortexM3\ARM_GCC_541\Release\usb_comm.o .\CortexM3\ARM_GCC_541\Release\cyfitter_cfg.o .\CortexM3\ARM_GCC_541\Release\cymetadata.o .\CortexM3\ARM_GCC_541\Release\Cm3Start.o .\CortexM3\ARM_GCC_541\Release\PSxSniffer.a "C:\Program Files (x86)\Cypress\PSoC Creator\4.2\PSoC Creator\psoc\content\cycomponentlibrary\CyComponentLibrary.cylib\CortexM3\ARM_GCC_541\Release\CyComponentLibrary.a" -mcpu=cortex-m3 -mthumb -L Generated_Source\PSoC5 -Wl,-Map,.\CortexM3\ARM_GCC_541\Release/PSxSniffer.map -T Generated_Source\PSoC5\cm3gcc.ld -specs=nano.specs -Wl,--gc-sections -g -ffunction-sections -Os -ffat-lto-objects -Wl,--end-group
cyelftool.exe -C D:\gits\Mine\PSOC-Console\PSOC-Creator\PSxSniffer.cydsn\CortexM3\ARM_GCC_541\Release\PSxSniffer.elf --flash_row_size 256 --flash_size 262144 --flash_offset 0x00000000
No ELF section .cychecksum found, creating one
Application checksum calculated and stored in ELF section .cychecksum
Checksum calculated and stored in ELF section .cymeta
cyelftool.exe -S D:\gits\Mine\PSOC-Console\PSOC-Creator\PSxSniffer.cydsn\CortexM3\ARM_GCC_541\Release\PSxSniffer.elf
Flash used: 8944 of 262144 bytes (3.4%).
SRAM used: 3057 of 65536 bytes (4.7%). Stack: 2048 bytes. Heap: 128 bytes.
--------------- Rebuild Succeeded: 09/15/2018 17:36:38 ---------------
